<?xml version="1.0" encoding="UTF-8"?>
<testsuite xmlns:xsi="http://www.w3.org/2001/XMLSchema-instance" xsi:noNamespaceSchemaLocation="https://maven.apache.org/surefire/maven-surefire-plugin/xsd/surefire-test-report-3.0.xsd" version="3.0" name="org.example.NumberUtilsTest" time="0.1" tests="37" errors="0" skipped="0" failures="0">
  <properties>
[...]
</properties>
  <testcase name="digitCarryOverCheck" classname="org.example.NumberUtilsTest" time="0.039"/>
  <testcase name="emptyInput(List, List, List)[1]" classname="org.example.NumberUtilsTest" time="0.005"/>
  <testcase name="emptyInput(List, List, List)[2]" classname="org.example.NumberUtilsTest" time="0.001"/>
  <testcase name="emptyInput(List, List, List)[3]" classname="org.example.NumberUtilsTest" time="0.001"/>
  <testcase name="emptyInput(List, List, List)[4]" classname="org.example.NumberUtilsTest" time="0.0"/>
  <testcase name="exhaustiveDigit" classname="org.example.NumberUtilsTest" time="0.002"/>
  <testcase name="digitResetToZeroCheck" classname="org.example.NumberUtilsTest" time="0.001"/>
  <testcase name="carryover(List, List, List)[1]" classname="org.example.NumberUtilsTest" time="0.0"/>
  <testcase name="carryover(List, List, List)[2]" classname="org.example.NumberUtilsTest" time="0.0"/>
  <testcase name="carryover(List, List, List)[3]" classname="org.example.NumberUtilsTest" time="0.001"/>
  <testcase name="carryover(List, List, List)[4]" classname="org.example.NumberUtilsTest" time="0.0"/>
  <testcase name="carryover(List, List, List)[5]" classname="org.example.NumberUtilsTest" time="0.0"/>
  <testcase name="carryover(List, List, List)[6]" classname="org.example.NumberUtilsTest" time="0.0"/>
  <testcase name="carryover(List, List, List)[7]" classname="org.example.NumberUtilsTest" time="0.001"/>
  <testcase name="invalidDigit(List, List)[1]" classname="org.example.NumberUtilsTest" time="0.001"/>
  <testcase name="invalidDigit(List, List)[2]" classname="org.example.NumberUtilsTest" time="0.0"/>
  <testcase name="invalidDigit(List, List)[3]" classname="org.example.NumberUtilsTest" time="0.001"/>
  <testcase name="invalidDigit(List, List)[4]" classname="org.example.NumberUtilsTest" time="0.001"/>
  <testcase name="invalidDigit(List, List)[5]" classname="org.example.NumberUtilsTest" time="0.0"/>
  <testcase name="invalidDigit(List, List)[6]" classname="org.example.NumberUtilsTest" time="0.0"/>
  <testcase name="invalidDigit(List, List)[7]" classname="org.example.NumberUtilsTest" time="0.001"/>
  <testcase name="invalidDigit(List, List)[8]" classname="org.example.NumberUtilsTest" time="0.0"/>
  <testcase name="nullInput(List, List, List)[1]" classname="org.example.NumberUtilsTest" time="0.001"/>
  <testcase name="nullInput(List, List, List)[2]" classname="org.example.NumberUtilsTest" time="0.0"/>
  <testcase name="nullInput(List, List, List)[3]" classname="org.example.NumberUtilsTest" time="0.001"/>
  <testcase name="nullInput(List, List, List)[4]" classname="org.example.NumberUtilsTest" time="0.0"/>
  <testcase name="leadingZero(List, List, List)[1]" classname="org.example.NumberUtilsTest" time="0.0"/>
  <testcase name="leadingZero(List, List, List)[2]" classname="org.example.NumberUtilsTest" time="0.0"/>
  <testcase name="leadingZero(List, List, List)[3]" classname="org.example.NumberUtilsTest" time="0.001"/>
  <testcase name="leadingZero(List, List, List)[4]" classname="org.example.NumberUtilsTest" time="0.0"/>
  <testcase name="leadingZero(List, List, List)[5]" classname="org.example.NumberUtilsTest" time="0.001"/>
  <testcase name="noCarryover(List, List, List)[1]" classname="org.example.NumberUtilsTest" time="0.001"/>
  <testcase name="noCarryover(List, List, List)[2]" classname="org.example.NumberUtilsTest" time="0.0"/>
  <testcase name="noCarryover(List, List, List)[3]" classname="org.example.NumberUtilsTest" time="0.0"/>
  <testcase name="noCarryover(List, List, List)[4]" classname="org.example.NumberUtilsTest" time="0.0"/>
  <testcase name="noCarryover(List, List, List)[5]" classname="org.example.NumberUtilsTest" time="0.001"/>
  <testcase name="noCarryover(List, List, List)[6]" classname="org.example.NumberUtilsTest" time="0.0"/>
</testsuite>